<?xml version="1.0" encoding="UTF-8"?>
<!-- Generated by org.testng.reporters.JUnitReportReporter -->
<testsuite skipped="0" hostname="Admin-PC" name="com.leafBot.testcases.testcase" tests="2" failures="0" timestamp="08 Sep 2019 10:16:01 GMT" time="58.648" errors="0">
  <testcase name="runtest" time="29.135" classname="com.leafBot.testcases.testcase"/>
  <testcase name="runtest" time="29.513" classname="com.leafBot.testcases.testcase"/>
</testsuite> <!-- com.leafBot.testcases.testcase -->
